#
# A fatal error has been detected by the Java Runtime Environment:
#
#  EXCEPTION_ACCESS_VIOLATION (0xc0000005) at pc=0x0000000069637c19, pid=22888, tid=0x0000000000003f24
#
# JRE version: Java(TM) SE Runtime Environment (8.0_212-b10) (build 1.8.0_212-b10)
# Java VM: Java HotSpot(TM) 64-Bit Server VM (25.212-b10 mixed mode windows-amd64 compressed oops)
# Problematic frame:
# V  [jvm.dll+0x3b7c19]
#
# Failed to write core dump. Minidumps are not enabled by default on client versions of Windows
#
# If you would like to submit a bug report, please visit:
#   http://bugreport.java.com/bugreport/crash.jsp
#

---------------  T H R E A D  ---------------

Current thread (0x0000000002e91800):  GCTaskThread [stack: 0x0000000016160000,0x0000000016260000] [id=16164]

siginfo: ExceptionCode=0xc0000005, reading address 0x000000000000ea00

Registers:
RAX=0x000000000000ea00, RBX=0x000000000000000b, RCX=0x0000000000000000, RDX=0x000000003abe01c0
RSP=0x000000001625fb10, RBP=0x000000001625fbf0, RSI=0x0000000000000007, RDI=0x0000000002f5eab0
R8 =0x0000000000000001, R9 =0x0000000030ce924e, R10=0x0000000000000004, R11=0x000000001625fb80
R12=0x0000000000000005, R13=0x000000001625fc08, R14=0x0000000000000000, R15=0x0000000002e91c00
RIP=0x0000000069637c19, EFLAGS=0x0000000000010246

Top of Stack: (sp=0x000000001625fb10)
0x000000001625fb10:   00000005270119b8 000000006938d2c2
0x000000001625fb20:   0000000404c08968 00000000391aea00
0x000000001625fb30:   0002e1fd0000ea28 0002e1fd0000ea25
0x000000001625fb40:   0000000400000000 0002e1fd0000ea26
0x000000001625fb50:   0002e1fd0000ea25 0002e1fd0000ea25
0x000000001625fb60:   0000000000000000 0000000002e89780
0x000000001625fb70:   0000000002e91c00 0000000002e91bf0
0x000000001625fb80:   0000000002e91bf0 0000000002e89780
0x000000001625fb90:   00000000698dafb8 0000000000000007
0x000000001625fba0:   000000003df21890 0000000069679227
0x000000001625fbb0:   0002e1fd0000ea26 00000000391aea00
0x000000001625fbc0:   0000000000000000 00009e6f00001e2f
0x000000001625fbd0:   0000000526e401a8 0000000000075e00
0x000000001625fbe0:   000000003df21890 000000006967670e
0x000000001625fbf0:   0000000030ce924e 0000000002e91800
0x000000001625fc00:   0000000000000000 00000004049f3aa0 

Instructions: (pc=0x0000000069637c19)
0x0000000069637bf9:   00 00 00 48 89 5c 24 50 48 89 4c 24 60 4c 8b c3
0x0000000069637c09:   48 83 c2 08 ff 15 2d 94 41 00 48 3b c3 0f 94 c0
0x0000000069637c19:   84 c0 75 2d 8b 4f 08 41 ff c4 8d 04 09 44 3b e0
0x0000000069637c29:   0f 82 d6 fd ff ff 32 c0 4c 8d 5c 24 70 49 8b 5b 


Register to memory mapping:

RAX=0x000000000000ea00 is an unknown value
RBX=0x000000000000000b is an unknown value
RCX=0x0000000000000000 is an unknown value
RDX=0x000000003abe01c0 is an unknown value
RSP=0x000000001625fb10 is an unknown value
RBP=0x000000001625fbf0 is an unknown value
RSI=0x0000000000000007 is an unknown value
RDI=0x0000000002f5eab0 is an unknown value
R8 =0x0000000000000001 is an unknown value
R9 =0x0000000030ce924e is an unknown value
R10=0x0000000000000004 is an unknown value
R11=0x000000001625fb80 is an unknown value
R12=0x0000000000000005 is an unknown value
R13=0x000000001625fc08 is an unknown value
R14=0x0000000000000000 is an unknown value
R15=0x0000000002e91c00 is an unknown value


Stack: [0x0000000016160000,0x0000000016260000],  sp=0x000000001625fb10,  free space=1022k
Native frames: (J=compiled Java code, j=interpreted, Vv=VM code, C=native code)
V  [jvm.dll+0x3b7c19]
V  [jvm.dll+0x3f9227]
V  [jvm.dll+0x3f670e]
V  [jvm.dll+0x29fc6a]
C  [msvcr100.dll+0x21d9f]
C  [msvcr100.dll+0x21e3b]
C  [KERNEL32.DLL+0x17bd4]
C  [ntdll.dll+0x6ce71]


---------------  P R O C E S S  ---------------

Java Threads: ( => current thread )
  0x000000003f2ae800 JavaThread "Quit" [_thread_blocked, id=13180, stack(0x0000000041240000,0x0000000041340000)]
  0x000000003f2ab000 JavaThread "Quit" [_thread_blocked, id=19384, stack(0x0000000001230000,0x0000000001330000)]
  0x000000003f2ad000 JavaThread "DrawAndDrop" [_thread_blocked, id=3084, stack(0x0000000001130000,0x0000000001230000)]
  0x000000003f2aa000 JavaThread "SwingWorker-pool-2-thread-1" daemon [_thread_blocked, id=6768, stack(0x0000000055eb0000,0x0000000055fb0000)]
  0x000000003f2ac800 JavaThread "Swing-Shell" daemon [_thread_blocked, id=18436, stack(0x0000000055390000,0x0000000055490000)]
  0x0000000042a61800 JavaThread "TimerQueue" daemon [_thread_blocked, id=5080, stack(0x0000000054e90000,0x0000000054f90000)]
  0x0000000042a63000 JavaThread "Fetcher-0" daemon [_thread_blocked, id=16356, stack(0x0000000054360000,0x0000000054460000)]
  0x0000000042a64800 JavaThread "DestroyJavaVM" [_thread_blocked, id=13040, stack(0x0000000002d60000,0x0000000002e60000)]
  0x0000000042e90800 JavaThread "D3D Screen Updater" daemon [_thread_blocked, id=3416, stack(0x0000000052d90000,0x0000000052e90000)]
  0x000000004000e000 JavaThread "AWT-EventQueue-0" [_thread_blocked, id=7512, stack(0x0000000051990000,0x0000000051a90000)]
  0x00000000405c8800 JavaThread "AWT-Windows" daemon [_thread_blocked, id=20696, stack(0x0000000046cd0000,0x0000000046dd0000)]
  0x0000000042949800 JavaThread "AWT-Shutdown" [_thread_blocked, id=17724, stack(0x0000000045b90000,0x0000000045c90000)]
  0x00000000434ec000 JavaThread "Java2D Disposer" daemon [_thread_blocked, id=7348, stack(0x0000000044ab0000,0x0000000044bb0000)]
  0x000000003d347800 JavaThread "Service Thread" daemon [_thread_blocked, id=17736, stack(0x000000003eea0000,0x000000003efa0000)]
  0x000000003d314800 JavaThread "C1 CompilerThread11" daemon [_thread_blocked, id=10360, stack(0x000000003eda0000,0x000000003eea0000)]
  0x000000003d309800 JavaThread "C1 CompilerThread10" daemon [_thread_blocked, id=20504, stack(0x000000003eca0000,0x000000003eda0000)]
  0x000000003d2f5000 JavaThread "C1 CompilerThread9" daemon [_thread_blocked, id=8416, stack(0x000000003eba0000,0x000000003eca0000)]
  0x000000003d2dc000 JavaThread "C1 CompilerThread8" daemon [_thread_blocked, id=10296, stack(0x000000003e9a0000,0x000000003eaa0000)]
  0x000000003d2d3800 JavaThread "C2 CompilerThread7" daemon [_thread_blocked, id=19308, stack(0x000000003e8a0000,0x000000003e9a0000)]
  0x000000003d2b2800 JavaThread "C2 CompilerThread6" daemon [_thread_blocked, id=7268, stack(0x000000003e7a0000,0x000000003e8a0000)]
  0x000000003d296000 JavaThread "C2 CompilerThread5" daemon [_thread_blocked, id=13600, stack(0x000000003e6a0000,0x000000003e7a0000)]
  0x000000003d295000 JavaThread "C2 CompilerThread4" daemon [_thread_blocked, id=3596, stack(0x000000003e5a0000,0x000000003e6a0000)]
  0x000000003d27a800 JavaThread "C2 CompilerThread3" daemon [_thread_blocked, id=21408, stack(0x000000003e4a0000,0x000000003e5a0000)]
  0x000000003d279800 JavaThread "C2 CompilerThread2" daemon [_thread_blocked, id=20072, stack(0x000000003e3a0000,0x000000003e4a0000)]
  0x000000003d279000 JavaThread "C2 CompilerThread1" daemon [_thread_blocked, id=17144, stack(0x000000003e2a0000,0x000000003e3a0000)]
  0x000000003d257800 JavaThread "C2 CompilerThread0" daemon [_thread_blocked, id=18084, stack(0x000000003e1a0000,0x000000003e2a0000)]
  0x000000003d251000 JavaThread "Monitor Ctrl-Break" daemon [_thread_in_native, id=19280, stack(0x000000003e0a0000,0x000000003e1a0000)]
  0x000000003ac8f800 JavaThread "Attach Listener" daemon [_thread_blocked, id=18676, stack(0x000000003c7d0000,0x000000003c8d0000)]
  0x000000003ac8c800 JavaThread "Signal Dispatcher" daemon [_thread_blocked, id=17876, stack(0x000000003c6d0000,0x000000003c7d0000)]
  0x00000000391fb800 JavaThread "Finalizer" daemon [_thread_blocked, id=16596, stack(0x000000003c4d0000,0x000000003c5d0000)]
  0x000000003ac66000 JavaThread "Reference Handler" daemon [_thread_blocked, id=12164, stack(0x000000003c3d0000,0x000000003c4d0000)]

Other Threads:
  0x00000000391ef000 VMThread [stack: 0x000000003c2d0000,0x000000003c3d0000] [id=5336]
  0x000000003d569800 WatcherThread [stack: 0x000000003efa0000,0x000000003f0a0000] [id=5276]

=>0x0000000002e91800 (exited) GCTaskThread [stack: 0x0000000016160000,0x0000000016260000] [id=16164]

VM state:at safepoint (normal execution)

VM Mutex/Monitor currently owned by a thread:  ([mutex/lock_event])
[0x0000000002e68f30] Threads_lock - owner thread: 0x00000000391ef000
[0x0000000002e69030] Heap_lock - owner thread: 0x000000004000e000

heap address: 0x00000003c1400000, size: 16364 MB, Compressed Oops mode: Zero based, Oop shift amount: 3
Narrow klass base: 0x0000000000000000, Narrow klass shift: 3
Compressed class space size: 1073741824 Address: 0x00000007c0000000

Heap:
 PSYoungGen      total 3532800K, used 1862144K [0x000000066b180000, 0x00000007c0000000, 0x00000007c0000000)
  eden space 1862144K, 100% used [0x000000066b180000,0x00000006dcc00000,0x00000006dcc00000)
  from space 1670656K, 0% used [0x000000075a080000,0x000000075a080000,0x00000007c0000000)
  to   space 1861632K, 0% used [0x00000006dcc00000,0x00000006dcc00000,0x000000074e600000)
 ParOldGen       total 11171328K, used 11167123K [0x00000003c1400000, 0x000000066b180000, 0x000000066b180000)
  object space 11171328K, 99% used [0x00000003c1400000,0x000000066ad64ee8,0x000000066b180000)
 Metaspace       used 47361K, capacity 48561K, committed 48640K, reserved 1091584K
  class space    used 6628K, capacity 6875K, committed 6912K, reserved 1048576K

Card table byte_map: [0x0000000012510000,0x0000000014510000] byte_map_base: 0x0000000010706000

Marking Bits: (ParMarkBitMap*) 0x0000000069aa5ce0
 Begin Bits: [0x0000000016760000, 0x0000000026710000)
 End Bits:   [0x0000000026710000, 0x00000000366c0000)

Polling page: 0x0000000000be0000

CodeCache: size=245760Kb used=25327Kb max_used=26034Kb free=220432Kb
 bounds [0x0000000003150000, 0x0000000004ae0000, 0x0000000012150000]
 total_blobs=7294 nmethods=6579 adapters=623
 compilation: enabled

Compilation events (10 events):
Event: 205.023 Thread 0x000000003d2f5000 8430       3       java.util.WeakHashMap$HashIterator::hasNext (95 bytes)
Event: 205.024 Thread 0x000000003d2f5000 nmethod 8430 0x0000000004041c10 code [0x0000000004041da0, 0x0000000004042270]
Event: 205.024 Thread 0x000000003d314800 8431       3       java.util.WeakHashMap$KeyIterator::next (8 bytes)
Event: 205.024 Thread 0x000000003d309800 8432       3       java.util.WeakHashMap$HashIterator::nextEntry (81 bytes)
Event: 205.024 Thread 0x000000003d2dc000 8433       3       java.util.WeakHashMap$Entry::getKey (8 bytes)
Event: 205.024 Thread 0x000000003d2dc000 nmethod 8433 0x0000000003680a50 code [0x0000000003680bc0, 0x0000000003680e70]
Event: 205.024 Thread 0x000000003d309800 nmethod 8432 0x00000000038958d0 code [0x0000000003895a60, 0x0000000003895f28]
Event: 205.024 Thread 0x000000003d314800 nmethod 8431 0x0000000003d42d50 code [0x0000000003d42ee0, 0x0000000003d432a8]
Event: 205.024 Thread 0x000000003d309800 8434       3       java.util.WeakHashMap::unmaskNull (13 bytes)
Event: 205.024 Thread 0x000000003d309800 nmethod 8434 0x00000000041aa690 code [0x00000000041aa7e0, 0x00000000041aa970]

GC Heap History (10 events):
Event: 195.706 GC heap after
Heap after GC invocations=70 (full 16):
 PSYoungGen      total 3532800K, used 1611569K [0x000000066b180000, 0x00000007c0000000, 0x00000007c0000000)
  eden space 1862144K, 86% used [0x000000066b180000,0x00000006cd74c698,0x00000006dcc00000)
  from space 1670656K, 0% used [0x000000075a080000,0x000000075a080000,0x00000007c0000000)
  to   space 1861632K, 0% used [0x00000006dcc00000,0x00000006dcc00000,0x000000074e600000)
 ParOldGen       total 11171328K, used 11167123K [0x00000003c1400000, 0x000000066b180000, 0x000000066b180000)
  object space 11171328K, 99% used [0x00000003c1400000,0x000000066ad64ee8,0x000000066b180000)
 Metaspace       used 47096K, capacity 48273K, committed 48384K, reserved 1091584K
  class space    used 6613K, capacity 6843K, committed 6912K, reserved 1048576K
}
Event: 195.707 GC heap before
{Heap before GC invocations=71 (full 17):
 PSYoungGen      total 3532800K, used 1621127K [0x000000066b180000, 0x00000007c0000000, 0x00000007c0000000)
  eden space 1862144K, 87% used [0x000000066b180000,0x00000006ce0a1cf8,0x00000006dcc00000)
  from space 1670656K, 0% used [0x000000075a080000,0x000000075a080000,0x00000007c0000000)
  to   space 1861632K, 0% used [0x00000006dcc00000,0x00000006dcc00000,0x000000074e600000)
 ParOldGen       total 11171328K, used 11167123K [0x00000003c1400000, 0x000000066b180000, 0x000000066b180000)
  object space 11171328K, 99% used [0x00000003c1400000,0x000000066ad64ee8,0x000000066b180000)
 Metaspace       used 47096K, capacity 48273K, committed 48384K, reserved 1091584K
  class space    used 6613K, capacity 6843K, committed 6912K, reserved 1048576K
Event: 197.843 GC heap after
Heap after GC invocations=71 (full 17):
 PSYoungGen      total 3532800K, used 1611700K [0x000000066b180000, 0x00000007c0000000, 0x00000007c0000000)
  eden space 1862144K, 86% used [0x000000066b180000,0x00000006cd76d370,0x00000006dcc00000)
  from space 1670656K, 0% used [0x000000075a080000,0x000000075a080000,0x00000007c0000000)
  to   space 1861632K, 0% used [0x00000006dcc00000,0x00000006dcc00000,0x000000074e600000)
 ParOldGen       total 11171328K, used 11167123K [0x00000003c1400000, 0x000000066b180000, 0x000000066b180000)
  object space 11171328K, 99% used [0x00000003c1400000,0x000000066ad64ee8,0x000000066b180000)
 Metaspace       used 47096K, capacity 48273K, committed 48384K, reserved 1091584K
  class space    used 6613K, capacity 6843K, committed 6912K, reserved 1048576K
}
Event: 198.143 GC heap before
{Heap before GC invocations=72 (full 18):
 PSYoungGen      total 3532800K, used 1862144K [0x000000066b180000, 0x00000007c0000000, 0x00000007c0000000)
  eden space 1862144K, 100% used [0x000000066b180000,0x00000006dcc00000,0x00000006dcc00000)
  from space 1670656K, 0% used [0x000000075a080000,0x000000075a080000,0x00000007c0000000)
  to   space 1861632K, 0% used [0x00000006dcc00000,0x00000006dcc00000,0x000000074e600000)
 ParOldGen       total 11171328K, used 11167123K [0x00000003c1400000, 0x000000066b180000, 0x000000066b180000)
  object space 11171328K, 99% used [0x00000003c1400000,0x000000066ad64ee8,0x000000066b180000)
 Metaspace       used 47107K, capacity 48273K, committed 48384K, reserved 1091584K
  class space    used 6614K, capacity 6843K, committed 6912K, reserved 1048576K
Event: 200.285 GC heap after
Heap after GC invocations=72 (full 18):
 PSYoungGen      total 3532800K, used 1654548K [0x000000066b180000, 0x00000007c0000000, 0x00000007c0000000)
  eden space 1862144K, 88% used [0x000000066b180000,0x00000006d01452f8,0x00000006dcc00000)
  from space 1670656K, 0% used [0x000000075a080000,0x000000075a080000,0x00000007c0000000)
  to   space 1861632K, 0% used [0x00000006dcc00000,0x00000006dcc00000,0x000000074e600000)
 ParOldGen       total 11171328K, used 11167123K [0x00000003c1400000, 0x000000066b180000, 0x000000066b180000)
  object space 11171328K, 99% used [0x00000003c1400000,0x000000066ad64ee8,0x000000066b180000)
 Metaspace       used 47107K, capacity 48273K, committed 48384K, reserved 1091584K
  class space    used 6614K, capacity 6843K, committed 6912K, reserved 1048576K
}
Event: 200.533 GC heap before
{Heap before GC invocations=73 (full 19):
 PSYoungGen      total 3532800K, used 1862144K [0x000000066b180000, 0x00000007c0000000, 0x00000007c0000000)
  eden space 1862144K, 100% used [0x000000066b180000,0x00000006dcc00000,0x00000006dcc00000)
  from space 1670656K, 0% used [0x000000075a080000,0x000000075a080000,0x00000007c0000000)
  to   space 1861632K, 0% used [0x00000006dcc00000,0x00000006dcc00000,0x000000074e600000)
 ParOldGen       total 11171328K, used 11167123K [0x00000003c1400000, 0x000000066b180000, 0x000000066b180000)
  object space 11171328K, 99% used [0x00000003c1400000,0x000000066ad64ee8,0x000000066b180000)
 Metaspace       used 47107K, capacity 48273K, committed 48384K, reserved 1091584K
  class space    used 6614K, capacity 6843K, committed 6912K, reserved 1048576K
Event: 202.699 GC heap after
Heap after GC invocations=73 (full 19):
 PSYoungGen      total 3532800K, used 1689571K [0x000000066b180000, 0x00000007c0000000, 0x00000007c0000000)
  eden space 1862144K, 90% used [0x000000066b180000,0x00000006d2378c10,0x00000006dcc00000)
  from space 1670656K, 0% used [0x000000075a080000,0x000000075a080000,0x00000007c0000000)
  to   space 1861632K, 0% used [0x00000006dcc00000,0x00000006dcc00000,0x000000074e600000)
 ParOldGen       total 11171328K, used 11167123K [0x00000003c1400000, 0x000000066b180000, 0x000000066b180000)
  object space 11171328K, 99% used [0x00000003c1400000,0x000000066ad64ee8,0x000000066b180000)
 Metaspace       used 47107K, capacity 48273K, committed 48384K, reserved 1091584K
  class space    used 6614K, capacity 6843K, committed 6912K, reserved 1048576K
}
Event: 202.700 GC heap before
{Heap before GC invocations=74 (full 20):
 PSYoungGen      total 3532800K, used 1699179K [0x000000066b180000, 0x00000007c0000000, 0x00000007c0000000)
  eden space 1862144K, 91% used [0x000000066b180000,0x00000006d2cdad18,0x00000006dcc00000)
  from space 1670656K, 0% used [0x000000075a080000,0x000000075a080000,0x00000007c0000000)
  to   space 1861632K, 0% used [0x00000006dcc00000,0x00000006dcc00000,0x000000074e600000)
 ParOldGen       total 11171328K, used 11167123K [0x00000003c1400000, 0x000000066b180000, 0x000000066b180000)
  object space 11171328K, 99% used [0x00000003c1400000,0x000000066ad64ee8,0x000000066b180000)
 Metaspace       used 47107K, capacity 48273K, committed 48384K, reserved 1091584K
  class space    used 6614K, capacity 6843K, committed 6912K, reserved 1048576K
Event: 204.843 GC heap after
Heap after GC invocations=74 (full 20):
 PSYoungGen      total 3532800K, used 1691774K [0x000000066b180000, 0x00000007c0000000, 0x00000007c0000000)
  eden space 1862144K, 90% used [0x000000066b180000,0x00000006d259fbc8,0x00000006dcc00000)
  from space 1670656K, 0% used [0x000000075a080000,0x000000075a080000,0x00000007c0000000)
  to   space 1861632K, 0% used [0x00000006dcc00000,0x00000006dcc00000,0x000000074e600000)
 ParOldGen       total 11171328K, used 11167123K [0x00000003c1400000, 0x000000066b180000, 0x000000066b180000)
  object space 11171328K, 99% used [0x00000003c1400000,0x000000066ad64ee8,0x000000066b180000)
 Metaspace       used 47107K, capacity 48273K, committed 48384K, reserved 1091584K
  class space    used 6614K, capacity 6843K, committed 6912K, reserved 1048576K
}
Event: 205.026 GC heap before
{Heap before GC invocations=75 (full 21):
 PSYoungGen      total 3532800K, used 1862144K [0x000000066b180000, 0x00000007c0000000, 0x00000007c0000000)
  eden space 1862144K, 100% used [0x000000066b180000,0x00000006dcc00000,0x00000006dcc00000)
  from space 1670656K, 0% used [0x000000075a080000,0x000000075a080000,0x00000007c0000000)
  to   space 1861632K, 0% used [0x00000006dcc00000,0x00000006dcc00000,0x000000074e600000)
 ParOldGen       total 11171328K, used 11167123K [0x00000003c1400000, 0x000000066b180000, 0x000000066b180000)
  object space 11171328K, 99% used [0x00000003c1400000,0x000000066ad64ee8,0x000000066b180000)
 Metaspace       used 47361K, capacity 48561K, committed 48640K, reserved 1091584K
  class space    used 6628K, capacity 6875K, committed 6912K, reserved 1048576K

Deoptimization events (10 events):
Event: 175.834 Thread 0x000000004000e000 Uncommon trap: reason=unstable_if action=reinterpret pc=0x0000000004551dd8 method=sun.font.CMap$CMapFormat4.getGlyph(I)C @ 67
Event: 175.976 Thread 0x000000004000e000 Uncommon trap: reason=unstable_if action=reinterpret pc=0x00000000047dd924 method=sun.java2d.loops.MaskFill.canDoParallelograms()Z @ 6
Event: 179.974 Thread 0x000000004000e000 Uncommon trap: reason=unstable_if action=reinterpret pc=0x000000000478a994 method=java.awt.Component.dispatchEventImpl(Ljava/awt/AWTEvent;)V @ 264
Event: 183.898 Thread 0x000000004000e000 Uncommon trap: reason=unstable_if action=reinterpret pc=0x0000000003431540 method=ij.process.ShortProcessor.create8BitImage(Z)[B @ 123
Event: 183.898 Thread 0x000000004000e000 Uncommon trap: reason=unstable_if action=reinterpret pc=0x00000000038d6154 method=ij.process.ShortProcessor.create8BitImage(Z)[B @ 123
Event: 204.845 Thread 0x000000003f2ab000 Uncommon trap: reason=bimorphic action=maybe_recompile pc=0x0000000003e6dbd8 method=java.util.concurrent.ConcurrentHashMap.replaceNode(Ljava/lang/Object;Ljava/lang/Object;Ljava/lang/Object;)Ljava/lang/Object; @ 1
Event: 204.950 Thread 0x000000003f2ab000 Uncommon trap: reason=unstable_if action=reinterpret pc=0x0000000003dd8554 method=sun.misc.FloatingDecimal.getBinaryToASCIIConverter(DZ)Lsun/misc/FloatingDecimal$BinaryToASCIIConverter; @ 45
Event: 204.950 Thread 0x000000003f2ab000 Uncommon trap: reason=unstable_if action=reinterpret pc=0x0000000004a348ac method=java.lang.Integer.getChars(II[C)V @ 20
Event: 204.966 Thread 0x000000004000e000 Uncommon trap: reason=bimorphic action=maybe_recompile pc=0x0000000003ca26d0 method=java.awt.event.InvocationEvent.dispatch()V @ 11
Event: 204.998 Thread 0x000000004000e000 Uncommon trap: reason=unstable_if action=reinterpret pc=0x0000000004572dc8 method=java.awt.Component.isMixingNeeded()Z @ 139

Classes redefined (0 events):
No events

Internal exceptions (10 events):
Event: 106.778 Thread 0x000000003f2ad000 Implicit null exception at 0x000000000465e016 to 0x000000000465e3ac
Event: 107.001 Thread 0x000000003f2ad000 Implicit null exception at 0x00000000049c83e7 to 0x00000000049cb4c1
Event: 107.314 Thread 0x000000003f2ad000 Implicit null exception at 0x00000000044c04ef to 0x00000000044c0b9d
Event: 107.620 Thread 0x000000003f2ad000 Implicit null exception at 0x0000000004354ed8 to 0x00000000043555a1
Event: 112.194 Thread 0x000000004000e000 Implicit null exception at 0x00000000046acfc2 to 0x00000000046ae01d
Event: 126.720 Thread 0x000000003f2ab000 Exception <a 'java/lang/ClassCastException': java.awt.MenuItem cannot be cast to java.awt.CheckboxMenuItem> (0x00000006ad96efb8) thrown at [C:\re\workspace\8-2-build-windows-amd64-cygwin\jdk8u212\12974\hotspot\src\share\vm\interpreter\interpreterRuntime.c
Event: 126.729 Thread 0x000000003f2ab000 Implicit null exception at 0x00000000038f7321 to 0x00000000038f7aa1
Event: 140.108 Thread 0x000000003f2ab000 Exception <a 'java/lang/ClassCastException': java.awt.MenuItem cannot be cast to java.awt.CheckboxMenuItem> (0x00000006ca2338b0) thrown at [C:\re\workspace\8-2-build-windows-amd64-cygwin\jdk8u212\12974\hotspot\src\share\vm\interpreter\interpreterRuntime.c
Event: 175.798 Thread 0x000000003f2ab000 Exception <a 'java/lang/ClassCastException': java.awt.MenuItem cannot be cast to java.awt.CheckboxMenuItem> (0x00000006b0388db8) thrown at [C:\re\workspace\8-2-build-windows-amd64-cygwin\jdk8u212\12974\hotspot\src\share\vm\interpreter\interpreterRuntime.c
Event: 204.846 Thread 0x000000003f2ab000 Exception <a 'java/lang/ClassCastException': java.awt.MenuItem cannot be cast to java.awt.CheckboxMenuItem> (0x00000006d2b68778) thrown at [C:\re\workspace\8-2-build-windows-amd64-cygwin\jdk8u212\12974\hotspot\src\share\vm\interpreter\interpreterRuntime.c

Events (10 events):
Event: 205.016 Thread 0x000000003d314800 flushing nmethod 0x0000000004076f50
Event: 205.017 Thread 0x000000003d309800 flushing nmethod 0x000000000408d590
Event: 205.017 Thread 0x000000003d309800 flushing nmethod 0x00000000041aa690
Event: 205.018 Thread 0x000000003d2dc000 flushing nmethod 0x0000000004215950
Event: 205.018 Thread 0x000000003d2dc000 flushing nmethod 0x0000000004354650
Event: 205.024 Thread 0x000000003d2f5000 flushing nmethod 0x0000000004363010
Event: 205.024 Thread 0x000000003d2f5000 flushing nmethod 0x00000000043c6450
Event: 205.024 Thread 0x000000003d2f5000 flushing nmethod 0x000000000444f190
Event: 205.024 Thread 0x000000003d2f5000 flushing nmethod 0x000000000447e810
Event: 205.026 Executing VM operation: ParallelGCFailedAllocation


Dynamic libraries:
0x00007ff730120000 - 0x00007ff730157000 	C:\Program Files\Java\jdk1.8.0_212\bin\java.exe
0x00007ff9dc0c0000 - 0x00007ff9dc2b0000 	C:\Windows\SYSTEM32\ntdll.dll
0x00007ff9db0d0000 - 0x00007ff9db182000 	C:\Windows\System32\KERNEL32.DLL
0x00007ff9d9e20000 - 0x00007ff9da0c3000 	C:\Windows\System32\KERNELBASE.dll
0x00007ff9da7f0000 - 0x00007ff9da893000 	C:\Windows\System32\ADVAPI32.dll
0x00007ff9daa50000 - 0x00007ff9daaee000 	C:\Windows\System32\msvcrt.dll
0x00007ff9dbda0000 - 0x00007ff9dbe37000 	C:\Windows\System32\sechost.dll
0x00007ff9da3e0000 - 0x00007ff9da500000 	C:\Windows\System32\RPCRT4.dll
0x00007ff9da650000 - 0x00007ff9da7e3000 	C:\Windows\System32\USER32.dll
0x00007ff9d91b0000 - 0x00007ff9d91d1000 	C:\Windows\System32\win32u.dll
0x00007ff9db900000 - 0x00007ff9db926000 	C:\Windows\System32\GDI32.dll
0x00007ff9d9c80000 - 0x00007ff9d9e14000 	C:\Windows\System32\gdi32full.dll
0x00007ff9d9230000 - 0x00007ff9d92ce000 	C:\Windows\System32\msvcp_win.dll
0x00007ff9d9090000 - 0x00007ff9d918a000 	C:\Windows\System32\ucrtbase.dll
0x00007ff9cc2a0000 - 0x00007ff9cc525000 	C:\Windows\WinSxS\amd64_microsoft.windows.common-controls_6595b64144ccf1df_6.0.18362.239_none_e6c7aebd130c7608\COMCTL32.dll
0x00007ff9db9e0000 - 0x00007ff9dbd16000 	C:\Windows\System32\combase.dll
0x00007ff9d9480000 - 0x00007ff9d9500000 	C:\Windows\System32\bcryptPrimitives.dll
0x00007ff9db190000 - 0x00007ff9db1be000 	C:\Windows\System32\IMM32.DLL
0x0000000069b30000 - 0x0000000069c02000 	C:\Program Files\Java\jdk1.8.0_212\jre\bin\msvcr100.dll
0x0000000069280000 - 0x0000000069b25000 	C:\Program Files\Java\jdk1.8.0_212\jre\bin\server\jvm.dll
0x00007ff9da8a0000 - 0x00007ff9da8a8000 	C:\Windows\System32\PSAPI.DLL
0x00007ff9c7490000 - 0x00007ff9c7499000 	C:\Windows\SYSTEM32\WSOCK32.dll
0x00007ff9d7130000 - 0x00007ff9d7154000 	C:\Windows\SYSTEM32\WINMM.dll
0x00007ff9d3590000 - 0x00007ff9d359a000 	C:\Windows\SYSTEM32\VERSION.dll
0x00007ff9dab20000 - 0x00007ff9dab8f000 	C:\Windows\System32\WS2_32.dll
0x00007ff9d70f0000 - 0x00007ff9d711d000 	C:\Windows\SYSTEM32\WINMMBASE.dll
0x00007ff9d91e0000 - 0x00007ff9d922a000 	C:\Windows\System32\cfgmgr32.dll
0x00007ff9d58b0000 - 0x00007ff9d58bf000 	C:\Program Files\Java\jdk1.8.0_212\jre\bin\verify.dll
0x00007ff9ced00000 - 0x00007ff9ced29000 	C:\Program Files\Java\jdk1.8.0_212\jre\bin\java.dll
0x00007ff9ce720000 - 0x00007ff9ce743000 	C:\Program Files\Java\jdk1.8.0_212\jre\bin\instrument.dll
0x00007ff9cece0000 - 0x00007ff9cecf6000 	C:\Program Files\Java\jdk1.8.0_212\jre\bin\zip.dll
0x00007ff9db220000 - 0x00007ff9db900000 	C:\Windows\System32\SHELL32.dll
0x00007ff9db930000 - 0x00007ff9db9d9000 	C:\Windows\System32\shcore.dll
0x00007ff9d9500000 - 0x00007ff9d9c7b000 	C:\Windows\System32\windows.storage.dll
0x00007ff9d8ff0000 - 0x00007ff9d900f000 	C:\Windows\System32\profapi.dll
0x00007ff9d9010000 - 0x00007ff9d905a000 	C:\Windows\System32\powrprof.dll
0x00007ff9d8fa0000 - 0x00007ff9d8fb0000 	C:\Windows\System32\UMPDC.dll
0x00007ff9da8b0000 - 0x00007ff9da902000 	C:\Windows\System32\shlwapi.dll
0x00007ff9d8fd0000 - 0x00007ff9d8fe1000 	C:\Windows\System32\kernel.appcore.dll
0x00007ff9d9190000 - 0x00007ff9d91a7000 	C:\Windows\System32\cryptsp.dll
0x00007ff9ce6c0000 - 0x00007ff9ce6da000 	C:\Program Files\JetBrains\IntelliJ IDEA Community Edition 2020.1.1\bin\breakgen64.dll
0x00007ff9ce700000 - 0x00007ff9ce71a000 	C:\Program Files\Java\jdk1.8.0_212\jre\bin\net.dll
0x00007ff9cbe00000 - 0x00007ff9cbfd6000 	C:\Windows\SYSTEM32\urlmon.dll
0x00007ff9cc720000 - 0x00007ff9cc9c6000 	C:\Windows\SYSTEM32\iertutil.dll
0x00007ff9d89e0000 - 0x00007ff9d89ec000 	C:\Windows\SYSTEM32\CRYPTBASE.DLL
0x00007ff9d8810000 - 0x00007ff9d8877000 	C:\Windows\system32\mswsock.dll
0x00007ff9a2500000 - 0x00007ff9a2699000 	C:\Program Files\Java\jdk1.8.0_212\jre\bin\awt.dll
0x00007ff9da910000 - 0x00007ff9da9d4000 	C:\Windows\System32\OLEAUT32.dll
0x00007ff9d6f00000 - 0x00007ff9d6f8f000 	C:\Windows\SYSTEM32\apphelp.dll
0x00007ff9d7790000 - 0x00007ff9d77bd000 	C:\Windows\system32\DWMAPI.DLL
0x00007ff9d7370000 - 0x00007ff9d7409000 	C:\Windows\system32\uxtheme.dll
0x00007ff9bc430000 - 0x00007ff9bc57f000 	C:\Windows\system32\opengl32.dll
0x00007ff9d6d50000 - 0x00007ff9d6d7c000 	C:\Windows\SYSTEM32\GLU32.dll
0x00007ff9d7d20000 - 0x00007ff9d7d40000 	C:\Windows\SYSTEM32\dxcore.dll
0x00007ff9da510000 - 0x00007ff9da647000 	C:\Windows\System32\MSCTF.dll
0x00007ff9dbe40000 - 0x00007ff9dbf96000 	C:\Windows\System32\ole32.dll
0x00007ff9cf0a0000 - 0x00007ff9cf266000 	C:\Windows\system32\d3d9.dll
0x00007ff9cebf0000 - 0x00007ff9cecde000 	C:\Windows\System32\DriverStore\FileRepository\nv_dispi.inf_amd64_6d316144c2e15454\nvldumdx.dll
0x00007ff9d9330000 - 0x00007ff9d9479000 	C:\Windows\System32\crypt32.dll
0x00007ff9d8fb0000 - 0x00007ff9d8fc2000 	C:\Windows\System32\MSASN1.dll
0x00007ff9d92d0000 - 0x00007ff9d932c000 	C:\Windows\System32\WINTRUST.DLL
0x00007ff9dab00000 - 0x00007ff9dab1d000 	C:\Windows\System32\imagehlp.dll
0x00007ff9d83d0000 - 0x00007ff9d8403000 	C:\Windows\system32\rsaenh.dll
0x00007ff9d9060000 - 0x00007ff9d9086000 	C:\Windows\System32\bcrypt.dll
0x00007ff993b10000 - 0x00007ff994fd7000 	C:\Windows\System32\DriverStore\FileRepository\nv_dispi.inf_amd64_6d316144c2e15454\nvd3dumx.dll
0x00007ff9d7c10000 - 0x00007ff9d7c32000 	C:\Windows\SYSTEM32\gpapi.dll
0x00007ff9cb1e0000 - 0x00007ff9cb20f000 	C:\Windows\SYSTEM32\cryptnet.dll
0x00007ff9ce610000 - 0x00007ff9ce659000 	C:\Program Files\Java\jdk1.8.0_212\jre\bin\fontmanager.dll
0x00007ff9ce6e0000 - 0x00007ff9ce6f2000 	C:\Program Files\Java\jdk1.8.0_212\jre\bin\nio.dll
0x00007ff9ccae0000 - 0x00007ff9ccb22000 	C:\Program Files\Java\jdk1.8.0_212\jre\bin\t2k.dll
0x00007ff9d8ec0000 - 0x00007ff9d8ee5000 	C:\Windows\SYSTEM32\USERENV.dll
0x00007ff9d8570000 - 0x00007ff9d85aa000 	C:\Windows\SYSTEM32\IPHLPAPI.DLL
0x00007ff9da500000 - 0x00007ff9da508000 	C:\Windows\System32\NSI.dll
0x00007ff9d4af0000 - 0x00007ff9d4b06000 	C:\Windows\SYSTEM32\dhcpcsvc6.DLL
0x00007ff9d4ad0000 - 0x00007ff9d4aec000 	C:\Windows\SYSTEM32\dhcpcsvc.DLL
0x00007ff9d85b0000 - 0x00007ff9d867a000 	C:\Windows\SYSTEM32\DNSAPI.dll
0x00007ff9da330000 - 0x00007ff9da3d2000 	C:\Windows\System32\clbcatq.dll
0x00007ff9d3a70000 - 0x00007ff9d3c1f000 	C:\Windows\SYSTEM32\WindowsCodecs.dll
0x00007ff9cc600000 - 0x00007ff9cc63a000 	C:\Windows\system32\dataexchange.dll
0x00007ff9d60c0000 - 0x00007ff9d631b000 	C:\Windows\system32\d3d11.dll
0x00007ff9d0160000 - 0x00007ff9d033b000 	C:\Windows\system32\dcomp.dll
0x00007ff9d7db0000 - 0x00007ff9d7e9a000 	C:\Windows\system32\dxgi.dll
0x00007ff9d7430000 - 0x00007ff9d768a000 	C:\Windows\system32\twinapi.appcore.dll
0x00007ff9d77c0000 - 0x00007ff9d77e9000 	C:\Windows\system32\RMCLIENT.dll
0x00007ff9d5fc0000 - 0x00007ff9d605e000 	C:\Windows\System32\TextInputFramework.dll
0x00007ff9d3e20000 - 0x00007ff9d414a000 	C:\Windows\System32\CoreUIComponents.dll
0x00007ff9d6960000 - 0x00007ff9d6a34000 	C:\Windows\System32\CoreMessaging.dll
0x00007ff9d7f70000 - 0x00007ff9d7fa1000 	C:\Windows\SYSTEM32\ntmarta.dll
0x00007ff9d46c0000 - 0x00007ff9d4813000 	C:\Windows\SYSTEM32\wintypes.dll
0x00007ff9ce690000 - 0x00007ff9ce6ba000 	C:\Program Files\Java\jdk1.8.0_212\jre\bin\dcpr.dll
0x00007ff9b58a0000 - 0x00007ff9b5939000 	C:\Windows\system32\RICHED20.DLL
0x00007ff9d6be0000 - 0x00007ff9d6bf9000 	C:\Windows\SYSTEM32\USP10.dll
0x00007ff9c2950000 - 0x00007ff9c2989000 	C:\Windows\SYSTEM32\msls31.dll
0x00007ff9dab90000 - 0x00007ff9dac5f000 	C:\Windows\System32\COMDLG32.dll
0x00007ff9d4880000 - 0x00007ff9d496f000 	C:\Windows\system32\propsys.dll
0x00007ff9d09e0000 - 0x00007ff9d09f6000 	C:\Windows\system32\NetworkExplorer.dll
0x00007ff9c0050000 - 0x00007ff9c00f4000 	C:\Program Files\Common Files\microsoft shared\ink\tiptsf.dll
0x00007ff9d0d50000 - 0x00007ff9d0d73000 	C:\Windows\SYSTEM32\edputil.dll
0x00007ff9cc090000 - 0x00007ff9cc0ee000 	C:\Windows\System32\thumbcache.dll
0x00007ff9c33f0000 - 0x00007ff9c346e000 	C:\Windows\SYSTEM32\ntshrui.dll
0x00007ff9d8e90000 - 0x00007ff9d8ebf000 	C:\Windows\SYSTEM32\SspiCli.dll
0x00007ff9c1b40000 - 0x00007ff9c1b66000 	C:\Windows\SYSTEM32\srvcli.dll
0x00007ff9c1b70000 - 0x00007ff9c1b82000 	C:\Windows\SYSTEM32\cscapi.dll
0x00007ff9d0a00000 - 0x00007ff9d0a0c000 	C:\Windows\SYSTEM32\Secur32.dll
0x00007ff9c1680000 - 0x00007ff9c17b5000 	C:\Windows\System32\Windows.StateRepositoryPS.dll
0x00007ff9c6660000 - 0x00007ff9c66e6000 	C:\Program Files (x86)\Dropbox\Client\DropboxExt64.45.0.dll
0x00007ff9d1290000 - 0x00007ff9d130f000 	C:\Windows\system32\PhotoMetadataHandler.dll
0x00007ff9bd1c0000 - 0x00007ff9bd4db000 	C:\Program Files (x86)\Microsoft Office\root\VFS\ProgramFilesX64\Microsoft Office\Office16\GROOVEEX.DLL
0x00007ff9cd4d0000 - 0x00007ff9cd4e6000 	C:\Windows\SYSTEM32\VCRUNTIME140.dll
0x00007ff9c63b0000 - 0x00007ff9c6449000 	C:\Windows\SYSTEM32\MSVCP140.dll
0x00007ff9c4a70000 - 0x00007ff9c4ed6000 	C:\Windows\SYSTEM32\msi.dll
0x00007ff9d6860000 - 0x00007ff9d686e000 	C:\Program Files (x86)\Microsoft Office\root\VFS\ProgramFilesCommonX64\Microsoft Shared\Office16\msoxev.dll
0x0000000056770000 - 0x0000000056ff3000 	C:\Program Files (x86)\Microsoft Office\root\VFS\ProgramFilesX64\Microsoft Office\Office16\1033\GrooveIntlResource.dll
0x00007ff9ca440000 - 0x00007ff9ca477000 	C:\Windows\System32\EhStorShell.dll
0x00007ff9dac60000 - 0x00007ff9db0d0000 	C:\Windows\System32\SETUPAPI.dll
0x00007ff9c3320000 - 0x00007ff9c33ec000 	C:\Windows\System32\cscui.dll
0x00007ff9d3830000 - 0x00007ff9d38b0000 	C:\Windows\SYSTEM32\policymanager.dll
0x00007ff9d6f90000 - 0x00007ff9d701a000 	C:\Windows\SYSTEM32\msvcp110_win.dll
0x00007ff9c7850000 - 0x00007ff9c786b000 	C:\Windows\SYSTEM32\MPR.dll
0x00007ff9d71f0000 - 0x00007ff9d720b000 	C:\Windows\System32\p9np.dll
0x00007ff9d7410000 - 0x00007ff9d741b000 	C:\Windows\System32\drprov.dll
0x00007ff9d80c0000 - 0x00007ff9d811c000 	C:\Windows\System32\WINSTA.dll
0x00007ff9d7160000 - 0x00007ff9d7175000 	C:\Windows\System32\ntlanman.dll
0x00007ff9d68c0000 - 0x00007ff9d68dd000 	C:\Windows\System32\davclnt.dll
0x00007ff9d6a40000 - 0x00007ff9d6a4c000 	C:\Windows\System32\DAVHLPR.dll
0x00007ff9d5380000 - 0x00007ff9d5397000 	C:\Windows\System32\wkscli.dll
0x00007ff9d8680000 - 0x00007ff9d868c000 	C:\Windows\System32\netutils.dll
0x00007ff9d21e0000 - 0x00007ff9d2200000 	C:\Windows\SYSTEM32\CLDAPI.dll

VM Arguments:
jvm_args: -javaagent:C:\Program Files\JetBrains\IntelliJ IDEA Community Edition 2020.1.1\lib\idea_rt.jar=58183:C:\Program Files\JetBrains\IntelliJ IDEA Community Edition 2020.1.1\bin -Dfile.encoding=UTF-8 
java_command: DEVILS_
java_class_path (initial): C:\Program Files\Java\jdk1.8.0_212\jre\lib\charsets.jar;C:\Program Files\Java\jdk1.8.0_212\jre\lib\deploy.jar;C:\Program Files\Java\jdk1.8.0_212\jre\lib\ext\access-bridge-64.jar;C:\Program Files\Java\jdk1.8.0_212\jre\lib\ext\cldrdata.jar;C:\Program Files\Java\jdk1.8.0_212\jre\lib\ext\dnsns.jar;C:\Program Files\Java\jdk1.8.0_212\jre\lib\ext\jaccess.jar;C:\Program Files\Java\jdk1.8.0_212\jre\lib\ext\jfxrt.jar;C:\Program Files\Java\jdk1.8.0_212\jre\lib\ext\localedata.jar;C:\Program Files\Java\jdk1.8.0_212\jre\lib\ext\nashorn.jar;C:\Program Files\Java\jdk1.8.0_212\jre\lib\ext\sunec.jar;C:\Program Files\Java\jdk1.8.0_212\jre\lib\ext\sunjce_provider.jar;C:\Program Files\Java\jdk1.8.0_212\jre\lib\ext\sunmscapi.jar;C:\Program Files\Java\jdk1.8.0_212\jre\lib\ext\sunpkcs11.jar;C:\Program Files\Java\jdk1.8.0_212\jre\lib\ext\zipfs.jar;C:\Program Files\Java\jdk1.8.0_212\jre\lib\javaws.jar;C:\Program Files\Java\jdk1.8.0_212\jre\lib\jce.jar;C:\Program Files\Java\jdk1.8.0_212\jre\lib\jfr.jar;C:\Program Files\Java\jdk1.8.0_212\jre\lib\jfxswt.jar;C:\Program Files\Java\jdk1.8.0_212\jre\lib\jsse.jar;C:\Program Files\Java\jdk1.8.0_212\jre\lib\management-agent.jar;C:\Program Files\Java\jdk1.8.0_212\jre\lib\plugin.jar;C:\Program Files\Java\jdk1.8.0_212\jre\lib\resources.jar;C:\Program Files\Java\jdk1.8.0_212\jre\lib\rt.jar;C:\Users\chiarutt\Dropbox\BIOP\ijp-DEVILS\target\classes;C:\Users\chiarutt\.m2\repository\net\imagej\ij\1.53c\ij-1.53c.jar;C:\Users\chiarutt\.m2\repository\net\imagej\imagej\2.1.0\imagej-2.1.0.jar;C:\Users\chiarutt\.m2\repository\net\imagej\imagej-launcher\5.0.3\imagej-launcher-5.0.3.jar;C:\Users\chiarutt\.m2\repository\net\imagej\imagej-notebook\0.7.1\imagej-notebook-0.7.1.jar;C:\Users\chiarutt\.m2\repository\org\apache\commons\commons-text\1.8\commons-text-1.8.jar;C:\Users\chiarutt\.m2\repository\org\knowm\xchart\xchart\3.5.4\xchart-3.5.4.jar;C:\Users\chiarutt\.m2\repository\de\erichseifert\vectorgraphics2d\VectorGraphics2D\0.13\VectorGrap
Launcher Type: SUN_STANDARD

Environment Variables:
PATH=C:\Program Files\Java\jdk1.8.0_212\bin;C:\Program Files\NVIDIA GPU Computing Toolkit\CUDA\v10.0\bin;C:\Program Files\NVIDIA GPU Computing Toolkit\CUDA\v10.0\libnvvp;C:\Program Files (x86)\Common Files\Oracle\Java\javapath;C:\Windows\system32;C:\Windows;C:\Windows\System32\Wbem;C:\Windows\System32\WindowsPowerShell\v1.0\;C:\Windows\System32\OpenSSH\;C:\Program Files (x86)\Sennheiser\SoftphoneSDK\;C:\Program Files (x86)\Intel\Intel(R) Management Engine Components\DAL;C:\Program Files\Intel\Intel(R) Management Engine Components\DAL;C:\Program Files (x86)\NVIDIA Corporation\PhysX\Common;C:\Program Files\Git\cmd;C:\Program Files\nodejs\;C:\Users\chiarutt\bin;C:\elastix-4.9.0-win64\elastix-4.9.0-win64;C:\Users\chiarutt\bin\apache-maven-3.6.3-bin\apache-maven-3.6.3\bin;C:\Users\chiarutt\AppData\Local\Programs\Python\Python37\Scripts\;C:\Users\chiarutt\AppData\Local\Programs\Python\Python37\;C:\Users\chiarutt\AppData\Local\Microsoft\WindowsApps;C:\Users\chiarutt\AppData\Roaming\npm;C:\Users\chiarutt\bin;
USERNAME=chiarutt
OS=Windows_NT
PROCESSOR_IDENTIFIER=Intel64 Family 6 Model 158 Stepping 12, GenuineIntel



---------------  S Y S T E M  ---------------

OS: Windows 10.0 , 64 bit Build 18362 (10.0.18362.86)

CPU:total 16 (initial active 16) (8 cores per cpu, 2 threads per core) family 6 model 158 stepping 12, cmov, cx8, fxsr, mmx, sse, sse2, sse3, ssse3, sse4.1, sse4.2, popcnt, avx, avx2, aes, clmul, erms, rtm, 3dnowpref, lzcnt, ht, tsc, tscinvbit, bmi1, bmi2, adx

Memory: 4k page, physical 67021888k(37047876k free), swap 76983360k(42671916k free)

vm_info: Java HotSpot(TM) 64-Bit Server VM (25.212-b10) for windows-amd64 JRE (1.8.0_212-b10), built on Apr  1 2019 22:50:23 by "java_re" with MS VC++ 10.0 (VS2010)

time: Wed Sep 23 12:47:29 2020
timezone: W. Europe Summer Time
elapsed time: 205 seconds (0d 0h 3m 25s)

